SF:E:\SalimDev\Plugin\ftpConnect\test\ftpConnect_test.dart
DA:7,1
DA:8,1
DA:10,1
DA:12,1
DA:21,1
DA:22,1
DA:23,1
DA:24,3
DA:25,4
DA:29,2
DA:30,4
DA:31,4
DA:34,2
DA:35,4
DA:36,4
DA:39,2
DA:40,4
DA:42,4
DA:44,4
DA:46,4
DA:48,4
DA:50,1
DA:51,2
DA:52,1
DA:53,1
DA:56,4
DA:59,4
DA:62,4
DA:65,2
DA:66,1
DA:68,2
DA:72,4
DA:75,2
DA:76,4
DA:78,2
DA:79,0
DA:82,0
DA:85,0
DA:87,0
DA:88,0
DA:89,0
DA:90,0
DA:95,0
DA:97,0
DA:98,0
DA:99,0
DA:102,0
DA:103,0
DA:105,0
DA:108,0
DA:109,0
DA:111,0
DA:114,2
DA:115,4
DA:117,4
DA:120,1
DA:121,2
DA:122,2
DA:123,1
DA:126,1
DA:127,4
DA:129,4
DA:132,2
DA:134,1
DA:135,2
DA:136,2
DA:137,1
DA:138,1
DA:141,1
DA:142,2
DA:143,3
DA:144,1
DA:147,2
DA:149,1
DA:150,3
DA:151,3
DA:152,3
DA:153,3
DA:154,3
DA:155,3
DA:156,4
DA:159,1
DA:160,3
DA:162,1
DA:163,1
DA:164,3
DA:165,3
DA:166,3
DA:167,3
DA:168,4
DA:171,1
DA:172,3
DA:173,1
DA:174,3
DA:177,3
DA:178,2
DA:179,3
DA:180,2
DA:183,2
DA:186,1
DA:187,3
DA:188,1
DA:189,3
DA:190,3
DA:191,2
DA:192,2
LF:106
LH:89
end_of_record
